<?xml version="1.0" encoding="utf-8"?><testsuites name="pytest tests"><testsuite name="pytest" errors="0" failures="0" skipped="0" tests="4" time="8.955" timestamp="2026-04-21T09:36:57.066059+00:00" hostname="agent-env-a7082830-6271-46b0-a941-c3e0fc94fc19"><testcase classname="backend.tests.backend_test" name="test_root_ok" time="0.116" /><testcase classname="backend.tests.backend_test" name="test_analyze_missing_image" time="0.144" /><testcase classname="backend.tests.backend_test" name="test_analyze_success_and_persist" time="8.184" /><testcase classname="backend.tests.backend_test" name="test_history_list_and_clear" time="0.380" /></testsuite></testsuites>